2017-05-31 14:28:27 [DEBUG] ecc.cords.HomeController - Displaying new form 
2017-05-31 14:28:27 [DEBUG] ecc.cords.HomeController - Creating new command of class [ecc.cords.EmployeeDTO] 
2017-05-31 14:28:28 [INFO] ecc.cords.DaoService - Getting Employee List ordered by name.lastName,asc 
2017-05-31 14:28:55 [DEBUG] ecc.cords.HomeController - Creating new command of class [ecc.cords.EmployeeDTO] 
2017-05-31 14:28:55 [DEBUG] ecc.cords.HomeController - No errors -> processing submit 
2017-05-31 14:28:55 [INFO] ecc.cords.HomeController - called onSubmit() 
2017-05-31 14:28:55 [DEBUG] ecc.cords.ProfileController - Displaying new form 
2017-05-31 14:28:55 [DEBUG] ecc.cords.ProfileController - Creating new command of class [ecc.cords.EmployeeDTO] 
2017-05-31 14:28:55 [INFO] ecc.cords.ProfileController - called showForm() 
2017-05-31 14:28:55 [INFO] ecc.cords.DaoService - Getting records of type class ecc.cords.Employee with ID of 7 
2017-05-31 14:29:35 [DEBUG] ecc.cords.HomeController - Displaying new form 
2017-05-31 14:29:35 [DEBUG] ecc.cords.HomeController - Creating new command of class [ecc.cords.EmployeeDTO] 
2017-05-31 14:29:35 [INFO] ecc.cords.DaoService - Getting Employee List ordered by name.lastName,asc 
2017-05-31 14:29:44 [DEBUG] ecc.cords.HomeController - Creating new command of class [ecc.cords.EmployeeDTO] 
2017-05-31 14:29:44 [DEBUG] ecc.cords.HomeController - No errors -> processing submit 
2017-05-31 14:29:44 [INFO] ecc.cords.HomeController - called onSubmit() 
2017-05-31 14:29:44 [INFO] ecc.cords.DaoService - Getting Employee List ordered by name.lastName,desc 
2017-05-31 14:29:55 [DEBUG] ecc.cords.HomeController - Creating new command of class [ecc.cords.EmployeeDTO] 
2017-05-31 14:29:55 [DEBUG] ecc.cords.HomeController - No errors -> processing submit 
2017-05-31 14:29:55 [INFO] ecc.cords.HomeController - called onSubmit() 
2017-05-31 14:29:55 [INFO] ecc.cords.DaoService - Getting records of type class ecc.cords.Employee with ID of 7 
2017-05-31 14:29:55 [INFO] ecc.cords.DaoService - Deleting record ecc.cords.Employee@1ec25c4 
2017-05-31 14:29:56 [INFO] ecc.cords.DaoService - Getting Employee List ordered by name.lastName,asc 
2017-05-31 14:30:23 [DEBUG] ecc.cords.UploadFileController - Displaying new form 
2017-05-31 14:30:23 [DEBUG] ecc.cords.UploadFileController - Creating new command of class [ecc.cords.EmployeeFile] 
2017-05-31 14:30:41 [DEBUG] ecc.cords.UploadFileController - Creating new command of class [ecc.cords.EmployeeFile] 
2017-05-31 14:30:41 [DEBUG] ecc.cords.UploadFileController - No errors -> processing submit 
2017-05-31 14:30:41 [INFO] ecc.cords.UploadFileController - called onSubmit() 
2017-05-31 14:30:41 [INFO] ecc.cords.UploadFileController - Parsing file emp_details.txt 
2017-05-31 14:30:41 [INFO] ecc.cords.DaoService - Getting records of type class ecc.cords.Role with ID of 8 
2017-05-31 14:30:41 [INFO] ecc.cords.DaoService - Saving record ecc.cords.Employee@1b79852 
2017-05-31 14:30:43 [DEBUG] ecc.cords.HomeController - Displaying new form 
2017-05-31 14:30:43 [DEBUG] ecc.cords.HomeController - Creating new command of class [ecc.cords.EmployeeDTO] 
2017-05-31 14:30:43 [INFO] ecc.cords.DaoService - Getting Employee List ordered by name.lastName,asc 
